curWord : abcab
f[1][a] : 18
f[1][b] : 9
f[1][c] : 4
f[1][d] : 0
f[1][e] : 0
f[1][f] : 0
f[1][g] : 0
f[1][h] : 0
f[1][i] : 0
f[1][j] : 0
f[1][k] : 0
f[1][l] : 0
f[1][m] : 0
f[1][n] : 0
f[1][o] : 0
f[1][p] : 0
f[1][q] : 0
f[1][r] : 0
f[1][s] : 0
f[1][t] : 0
f[1][u] : 0
f[1][v] : 0
f[1][w] : 0
f[1][x] : 0
f[1][y] : 0
f[1][z] : 0
curWord : abcba
f[2][a] : 17
f[2][b] : 10
f[2][c] : 4
f[2][d] : 0
f[2][e] : 0
f[2][f] : 0
f[2][g] : 0
f[2][h] : 0
f[2][i] : 0
f[2][j] : 0
f[2][k] : 0
f[2][l] : 0
f[2][m] : 0
f[2][n] : 0
f[2][o] : 0
f[2][p] : 0
f[2][q] : 0
f[2][r] : 0
f[2][s] : 0
f[2][t] : 0
f[2][u] : 0
f[2][v] : 0
f[2][w] : 0
f[2][x] : 0
f[2][y] : 0
f[2][z] : 0
Case #1: abcab 
