Case #1: our language is impossible to understand
Case #2: there are twenty six factorial possibilities
Case #3: so it is okay if you want to just give up
Case #4: xoggk d yl wxo vkkvgo ekso uyl wonw sywy
Case #5: xkf yto akj
Case #6: yabba dabba yabba dabba yabba dabba yabba dabba yabba dabba yabba dabba yabba dabba yabba dooooooooo
Case #7: a b c d e f g h i j k l m n o p q r s t u v y w x y z now i know my abcs
Case #8: next time wont you sing with me
Case #9: you better cut the pizza in four pieces because im not hungry enough to eat six
Case #10: our code jam is like the pythagorean theorem
Case #11: there is no answer
Case #12: for those who speak in a tongue do not speak to other people
Case #13: nobody understands them since they are speaking mysteries in the spirit
Case #14: friends dont let friends let scientific progress go boink
Case #15: my name is dug i have just met you and i looove you
Case #16: oh nooooo goggalor is headed for the orphanage
Case #17: oh my god lets make out
Case #18: now is the summer of our lack of discontent
Case #19: thank you but the real googlerese is in another castle
Case #20: greetings cheese popsicle the number you have dialed is currently out of porkchops
Case #21: this here is gunpowder activated twenty seven caliber full auto no kickback nailthrowing mayhem
Case #22: each of us has his own special gift and you know this was meant to be true
Case #23: and if you dont underestimate me i wont underestimate you
Case #24: you pissed off the chicken lady
Case #25: you want sell things at me boing zooom
Case #26: f of two equals f of one equals one
Case #27: for i between three and n f of i equals f of i minus one plus f of i minus two
Case #28: all your base are belong to error the spoony bard
Case #29: oh hai im in ur computer eating your cheezburgers and googleresing your textz
Case #30: let lips do what hands do
